Started GET "/" for 127.0.0.1 at 2023-09-18 09:48:11 -0500
  [1m[36mActiveRecord::SchemaMigration Pluck (0.7ms)[0m  [1m[34mSELECT "schema_migrations"."version" FROM "schema_migrations" ORDER BY "schema_migrations"."version" ASC[0m
Processing by HomeController#index as HTML
  Rendering layout layouts/application.html.erb
  Rendering home/index.html.erb within layouts/application
  Rendered home/index.html.erb within layouts/application (Duration: 1.9ms | Allocations: 427)
  Rendered shared/_navbar.html.erb (Duration: 3.5ms | Allocations: 735)
  Rendered shared/_toast.html.erb (Duration: 1.1ms | Allocations: 266)
  Rendered layout layouts/application.html.erb (Duration: 9625.5ms | Allocations: 230333)
Completed 200 OK in 11259ms (Views: 9635.1ms | ActiveRecord: 0.0ms | Allocations: 1215936)


Started GET "/users/sign_up" for 127.0.0.1 at 2023-09-18 09:48:25 -0500
Processing by Devise::RegistrationsController#new as HTML
  Rendering layout layouts/application.html.erb
  Rendering devise/registrations/new.html.erb within layouts/application
  Rendered devise/registrations/new.html.erb within layouts/application (Duration: 16.5ms | Allocations: 10061)
  Rendered shared/_navbar.html.erb (Duration: 0.4ms | Allocations: 173)
  Rendered shared/_toast.html.erb (Duration: 0.2ms | Allocations: 21)
  Rendered layout layouts/application.html.erb (Duration: 26.7ms | Allocations: 16331)
Completed 200 OK in 49ms (Views: 29.9ms | ActiveRecord: 3.8ms | Allocations: 24786)


Started POST "/users" for 127.0.0.1 at 2023-09-18 09:48:37 -0500
Processing by Devise::RegistrationsController#create as TURBO_STREAM
  Parameters: {"authenticity_token"=>"[FILTERED]", "user"=>{"email"=>"sfarzo@uillinois.edu", "password"=>"[FILTERED]", "password_confirmation"=>"[FILTERED]", "token"=>"[FILTERED]"}, "commit"=>"Sign Me Up"}
[31mUnpermitted parameter: :password_confirmation. Context: { controller: Devise::RegistrationsController, action: create, request: #<ActionDispatch::Request:0x00000001136399d0>, params: {"authenticity_token"=>"[FILTERED]", "user"=>{"email"=>"sfarzo@uillinois.edu", "password"=>"[FILTERED]", "password_confirmation"=>"[FILTERED]", "token"=>"[FILTERED]"}, "commit"=>"Sign Me Up", "controller"=>"devise/registrations", "action"=>"create"} }[0m
  [1m[36mTRANSACTION (0.2ms)[0m  [1m[35mBEGIN[0m
  [1m[36mUser Exists? (2.4ms)[0m  [1m[34mSELECT 1 AS one FROM "users" WHERE "users"."email" = $1 LIMIT $2[0m  [["email", "sfarzo@uillinois.edu"], ["LIMIT", 1]]
  [1m[36mUser Create (1.0ms)[0m  [1m[32mINSERT INTO "users" ("email", "encrypted_password", "reset_password_token", "reset_password_sent_at", "remember_created_at", "created_at", "updated_at", "token") VALUES ($1, $2, $3, $4, $5, $6, $7, $8) RETURNING "id"[0m  [["email", "sfarzo@uillinois.edu"], ["encrypted_password", "[FILTERED]"], ["reset_password_token", "[FILTERED]"], ["reset_password_sent_at", "[FILTERED]"], ["remember_created_at", nil], ["created_at", "2023-09-18 14:48:38.065496"], ["updated_at", "2023-09-18 14:48:38.065496"], ["token", "[FILTERED]"]]
  [1m[36mTRANSACTION (0.5ms)[0m  [1m[35mCOMMIT[0m
Redirected to http://127.0.0.1:3000/
Completed 303 See Other in 232ms (ActiveRecord: 4.0ms | Allocations: 16108)


Started GET "/" for 127.0.0.1 at 2023-09-18 09:48:38 -0500
Processing by HomeController#index as TURBO_STREAM
  Rendering layout layouts/application.html.erb
  Rendering home/index.html.erb within layouts/application
  Rendered home/index.html.erb within layouts/application (Duration: 0.0ms | Allocations: 7)
  [1m[36mUser Load (0.2ms)[0m  [1m[34mSELECT "users".* FROM "users" WHERE "users"."id" = $1 ORDER BY "users"."id" ASC LIMIT $2[0m  [["id", 1], ["LIMIT", 1]]
  ↳ app/views/shared/_navbar.html.erb:12
  Rendered shared/_navbar.html.erb (Duration: 2.7ms | Allocations: 1282)
  Rendered shared/_toast.html.erb (Duration: 0.1ms | Allocations: 29)
  Rendered layout layouts/application.html.erb (Duration: 12.1ms | Allocations: 7623)
Completed 200 OK in 13ms (Views: 12.2ms | ActiveRecord: 0.3ms | Allocations: 7939)


Started DELETE "/users/sign_out" for 127.0.0.1 at 2023-09-18 09:48:41 -0500
Processing by Devise::SessionsController#destroy as TURBO_STREAM
  [1m[36mUser Load (0.4ms)[0m  [1m[34mSELECT "users".* FROM "users" WHERE "users"."id" = $1 ORDER BY "users"."id" ASC LIMIT $2[0m  [["id", 1], ["LIMIT", 1]]
Redirected to http://127.0.0.1:3000/
Completed 303 See Other in 10ms (ActiveRecord: 0.4ms | Allocations: 2812)


Started GET "/" for 127.0.0.1 at 2023-09-18 09:48:41 -0500
Processing by HomeController#index as TURBO_STREAM
  Rendering layout layouts/application.html.erb
  Rendering home/index.html.erb within layouts/application
  Rendered home/index.html.erb within layouts/application (Duration: 0.0ms | Allocations: 7)
  Rendered shared/_navbar.html.erb (Duration: 0.3ms | Allocations: 183)
  Rendered shared/_toast.html.erb (Duration: 0.0ms | Allocations: 25)
  Rendered layout layouts/application.html.erb (Duration: 9.2ms | Allocations: 6439)
Completed 200 OK in 11ms (Views: 9.6ms | ActiveRecord: 0.0ms | Allocations: 6710)


Started GET "/users/sign_in" for 127.0.0.1 at 2023-09-18 09:48:44 -0500
Processing by Devise::SessionsController#new as HTML
  Rendering layout layouts/application.html.erb
  Rendering devise/sessions/new.html.erb within layouts/application
  Rendered devise/shared/_links.html.erb (Duration: 1.7ms | Allocations: 588)
  Rendered devise/sessions/new.html.erb within layouts/application (Duration: 18.3ms | Allocations: 8204)
  Rendered shared/_navbar.html.erb (Duration: 0.3ms | Allocations: 167)
  Rendered shared/_toast.html.erb (Duration: 0.1ms | Allocations: 21)
  Rendered layout layouts/application.html.erb (Duration: 33.7ms | Allocations: 14464)
Completed 200 OK in 38ms (Views: 36.5ms | ActiveRecord: 0.0ms | Allocations: 15710)


Started POST "/users/sign_in" for 127.0.0.1 at 2023-09-18 09:48:46 -0500
Processing by Devise::SessionsController#create as TURBO_STREAM
  Parameters: {"authenticity_token"=>"[FILTERED]", "user"=>{"email"=>"sfarzo@uillinois.edu", "password"=>"[FILTERED]", "remember_me"=>"0"}, "commit"=>"Sign Me In"}
  [1m[36mUser Load (0.7ms)[0m  [1m[34mSELECT "users".* FROM "users" WHERE "users"."email" = $1 ORDER BY "users"."id" ASC LIMIT $2[0m  [["email", "sfarzo@uillinois.edu"], ["LIMIT", 1]]
Redirected to http://127.0.0.1:3000/
Completed 303 See Other in 218ms (ActiveRecord: 0.7ms | Allocations: 3876)


Started GET "/" for 127.0.0.1 at 2023-09-18 09:48:46 -0500
Processing by HomeController#index as TURBO_STREAM
  Rendering layout layouts/application.html.erb
  Rendering home/index.html.erb within layouts/application
  Rendered home/index.html.erb within layouts/application (Duration: 0.0ms | Allocations: 7)
  [1m[36mUser Load (0.3ms)[0m  [1m[34mSELECT "users".* FROM "users" WHERE "users"."id" = $1 ORDER BY "users"."id" ASC LIMIT $2[0m  [["id", 1], ["LIMIT", 1]]
  ↳ app/views/shared/_navbar.html.erb:12
  Rendered shared/_navbar.html.erb (Duration: 2.5ms | Allocations: 964)
  Rendered shared/_toast.html.erb (Duration: 0.1ms | Allocations: 25)
  Rendered layout layouts/application.html.erb (Duration: 11.5ms | Allocations: 7229)
Completed 200 OK in 12ms (Views: 11.7ms | ActiveRecord: 0.3ms | Allocations: 7500)


Started DELETE "/users/sign_out" for 127.0.0.1 at 2023-09-18 09:48:49 -0500
Processing by Devise::SessionsController#destroy as TURBO_STREAM
  [1m[36mUser Load (0.4ms)[0m  [1m[34mSELECT "users".* FROM "users" WHERE "users"."id" = $1 ORDER BY "users"."id" ASC LIMIT $2[0m  [["id", 1], ["LIMIT", 1]]
Redirected to http://127.0.0.1:3000/
Completed 303 See Other in 6ms (ActiveRecord: 0.4ms | Allocations: 1902)


Started GET "/" for 127.0.0.1 at 2023-09-18 09:48:49 -0500
Processing by HomeController#index as TURBO_STREAM
  Rendering layout layouts/application.html.erb
  Rendering home/index.html.erb within layouts/application
  Rendered home/index.html.erb within layouts/application (Duration: 0.2ms | Allocations: 7)
  Rendered shared/_navbar.html.erb (Duration: 0.4ms | Allocations: 183)
  Rendered shared/_toast.html.erb (Duration: 0.1ms | Allocations: 25)
  Rendered layout layouts/application.html.erb (Duration: 10.9ms | Allocations: 6435)
Completed 200 OK in 13ms (Views: 12.0ms | ActiveRecord: 0.0ms | Allocations: 6705)


Started GET "/" for 127.0.0.1 at 2023-09-20 14:23:26 -0500
  [1m[36mActiveRecord::SchemaMigration Pluck (3.4ms)[0m  [1m[34mSELECT "schema_migrations"."version" FROM "schema_migrations" ORDER BY "schema_migrations"."version" ASC[0m
Processing by HomeController#index as HTML
  Rendering layout layouts/application.html.erb
  Rendering home/index.html.erb within layouts/application
  Rendered home/index.html.erb within layouts/application (Duration: 0.9ms | Allocations: 283)
  Rendered shared/_navbar.html.erb (Duration: 4.2ms | Allocations: 731)
  Rendered shared/_toast.html.erb (Duration: 1.4ms | Allocations: 267)
  Rendered layout layouts/application.html.erb (Duration: 186.8ms | Allocations: 75694)
Completed 200 OK in 459ms (Views: 191.8ms | ActiveRecord: 0.0ms | Allocations: 360715)


Started GET "/users/sign_up" for 127.0.0.1 at 2023-09-20 14:23:30 -0500
Processing by Devise::RegistrationsController#new as HTML
  Rendering layout layouts/application.html.erb
  Rendering devise/registrations/new.html.erb within layouts/application
  Rendered devise/registrations/new.html.erb within layouts/application (Duration: 15.3ms | Allocations: 9370)
  Rendered shared/_navbar.html.erb (Duration: 0.3ms | Allocations: 173)
  Rendered shared/_toast.html.erb (Duration: 0.0ms | Allocations: 21)
  Rendered layout layouts/application.html.erb (Duration: 25.4ms | Allocations: 15776)
Completed 200 OK in 57ms (Views: 28.8ms | ActiveRecord: 14.1ms | Allocations: 23754)


  [1m[35m (34.9ms)[0m  [1m[35mCREATE TABLE "schema_migrations" ("version" varchar NOT NULL PRIMARY KEY)[0m
  [1m[35m (34.0ms)[0m  [1m[35mCREATE TABLE "ar_internal_metadata" ("key" varchar NOT NULL PRIMARY KEY, "value" varchar, "created_at" datetime(6) NOT NULL, "updated_at" datetime(6) NOT NULL)[0m
  [1m[36mActiveRecord::SchemaMigration Pluck (0.1ms)[0m  [1m[34mSELECT "schema_migrations"."version" FROM "schema_migrations" ORDER BY "schema_migrations"."version" ASC[0m
Migrating to DeviseCreateUsers (20230915173822)
  [1m[36mTRANSACTION (0.0ms)[0m  [1m[36mbegin transaction[0m
  [1m[35m (0.4ms)[0m  [1m[35mCREATE TABLE "users" ("id" integer PRIMARY KEY AUTOINCREMENT NOT NULL, "email" varchar DEFAULT '' NOT NULL, "encrypted_password" varchar DEFAULT '' NOT NULL, "reset_password_token" varchar, "reset_password_sent_at" datetime(6), "remember_created_at" datetime(6), "created_at" datetime(6) NOT NULL, "updated_at" datetime(6) NOT NULL)[0m
  [1m[35m (0.1ms)[0m  [1m[35mCREATE UNIQUE INDEX "index_users_on_email" ON "users" ("email")[0m
  [1m[35m (0.1ms)[0m  [1m[35mCREATE UNIQUE INDEX "index_users_on_reset_password_token" ON "users" ("reset_password_token")[0m
  [1m[36mActiveRecord::SchemaMigration Create (0.2ms)[0m  [1m[32mINSERT INTO "schema_migrations" ("version") VALUES (?)[0m  [["version", "20230915173822"]]
  [1m[36mTRANSACTION (37.7ms)[0m  [1m[36mcommit transaction[0m
  [1m[36mActiveRecord::InternalMetadata Load (0.1ms)[0m  [1m[34mSELECT "ar_internal_metadata".* FROM "ar_internal_metadata" WHERE "ar_internal_metadata"."key" = ? LIMIT ?[0m  [["key", "environment"], ["LIMIT", 1]]
  [1m[36mTRANSACTION (0.0ms)[0m  [1m[36mbegin transaction[0m
  [1m[36mActiveRecord::InternalMetadata Create (0.3ms)[0m  [1m[32mINSERT INTO "ar_internal_metadata" ("key", "value", "created_at", "updated_at") VALUES (?, ?, ?, ?)[0m  [["key", "environment"], ["value", "development"], ["created_at", "2023-11-25 02:03:21.075320"], ["updated_at", "2023-11-25 02:03:21.075320"]]
  [1m[36mTRANSACTION (27.3ms)[0m  [1m[36mcommit transaction[0m
  [1m[36mActiveRecord::SchemaMigration Pluck (0.1ms)[0m  [1m[34mSELECT "schema_migrations"."version" FROM "schema_migrations" ORDER BY "schema_migrations"."version" ASC[0m
  [1m[36mActiveRecord::SchemaMigration Pluck (0.1ms)[0m  [1m[34mSELECT "schema_migrations"."version" FROM "schema_migrations" ORDER BY "schema_migrations"."version" ASC[0m
  [1m[36mActiveRecord::SchemaMigration Pluck (0.1ms)[0m  [1m[34mSELECT "schema_migrations"."version" FROM "schema_migrations" ORDER BY "schema_migrations"."version" ASC[0m
Migrating to CreateActiveStorageTables (20231125023435)
  [1m[36mTRANSACTION (0.0ms)[0m  [1m[36mbegin transaction[0m
  [1m[35m (0.5ms)[0m  [1m[35mCREATE TABLE "active_storage_blobs" ("id" integer PRIMARY KEY AUTOINCREMENT NOT NULL, "key" varchar NOT NULL, "filename" varchar NOT NULL, "content_type" varchar, "metadata" text, "service_name" varchar NOT NULL, "byte_size" bigint NOT NULL, "checksum" varchar, "created_at" datetime(6) NOT NULL)[0m
  [1m[35m (0.1ms)[0m  [1m[35mCREATE UNIQUE INDEX "index_active_storage_blobs_on_key" ON "active_storage_blobs" ("key")[0m
  [1m[35m (0.1ms)[0m  [1m[35mCREATE TABLE "active_storage_attachments" ("id" integer PRIMARY KEY AUTOINCREMENT NOT NULL, "name" varchar NOT NULL, "record_type" varchar NOT NULL, "record_id" bigint NOT NULL, "blob_id" bigint NOT NULL, "created_at" datetime(6) NOT NULL, CONSTRAINT "fk_rails_c3b3935057"
FOREIGN KEY ("blob_id")
  REFERENCES "active_storage_blobs" ("id")
)[0m
  [1m[35m (0.1ms)[0m  [1m[35mCREATE INDEX "index_active_storage_attachments_on_blob_id" ON "active_storage_attachments" ("blob_id")[0m
  [1m[35m (0.1ms)[0m  [1m[35mCREATE UNIQUE INDEX "index_active_storage_attachments_uniqueness" ON "active_storage_attachments" ("record_type", "record_id", "name", "blob_id")[0m
  [1m[35m (0.1ms)[0m  [1m[35mCREATE TABLE "active_storage_variant_records" ("id" integer PRIMARY KEY AUTOINCREMENT NOT NULL, "blob_id" bigint NOT NULL, "variation_digest" varchar NOT NULL, CONSTRAINT "fk_rails_993965df05"
FOREIGN KEY ("blob_id")
  REFERENCES "active_storage_blobs" ("id")
)[0m
  [1m[35m (0.1ms)[0m  [1m[35mCREATE UNIQUE INDEX "index_active_storage_variant_records_uniqueness" ON "active_storage_variant_records" ("blob_id", "variation_digest")[0m
  [1m[36mActiveRecord::SchemaMigration Create (0.3ms)[0m  [1m[32mINSERT INTO "schema_migrations" ("version") VALUES (?)[0m  [["version", "20231125023435"]]
  [1m[36mTRANSACTION (46.2ms)[0m  [1m[36mcommit transaction[0m
  [1m[36mActiveRecord::InternalMetadata Load (0.1ms)[0m  [1m[34mSELECT "ar_internal_metadata".* FROM "ar_internal_metadata" WHERE "ar_internal_metadata"."key" = ? LIMIT ?[0m  [["key", "environment"], ["LIMIT", 1]]
  [1m[36mActiveRecord::SchemaMigration Pluck (0.1ms)[0m  [1m[34mSELECT "schema_migrations"."version" FROM "schema_migrations" ORDER BY "schema_migrations"."version" ASC[0m
  [1m[36mActiveRecord::SchemaMigration Pluck (0.1ms)[0m  [1m[34mSELECT "schema_migrations"."version" FROM "schema_migrations" ORDER BY "schema_migrations"."version" ASC[0m
Started GET "/" for 10.240.0.113 at 2023-11-25 02:53:32 +0000
  [1m[36mActiveRecord::SchemaMigration Pluck (0.1ms)[0m  [1m[34mSELECT "schema_migrations"."version" FROM "schema_migrations" ORDER BY "schema_migrations"."version" ASC[0m
Processing by HomeController#index as HTML
  Rendering layout layouts/application.html.erb
  Rendering home/index.html.erb within layouts/application
  Rendered home/index.html.erb within layouts/application (Duration: 2.5ms | Allocations: 427)
  Rendered shared/_navbar.html.erb (Duration: 1.7ms | Allocations: 717)
  Rendered shared/_toast.html.erb (Duration: 0.5ms | Allocations: 265)
  Rendered layout layouts/application.html.erb (Duration: 3107.2ms | Allocations: 186946)
Completed 500 Internal Server Error in 4168ms (ActiveRecord: 0.0ms | Allocations: 1172874)



ActionView::MissingTemplate - Missing partial home/_file_mgr, application/_file_mgr with {:locale=>[:en], :formats=>[:html], :variants=>[], :handlers=>[:raw, :erb, :html, :builder, :ruby, :jbuilder]}.
Searched in:
  * "/workspaces/cloud-storage/app/views"
  * "/usr/local/rvm/gems/ruby-3.2.2/gems/rails_db-2.4.2/app/views"
  * "/usr/local/rvm/gems/ruby-3.2.2/gems/kaminari-core-1.2.2/app/views"
  * "/usr/local/rvm/gems/ruby-3.2.2/gems/devise-4.9.2/app/views"
  * "/usr/local/rvm/gems/ruby-3.2.2/gems/turbo-rails-1.4.0/app/views"
  * "/usr/local/rvm/gems/ruby-3.2.2/gems/actiontext-7.0.8/app/views"
  * "/usr/local/rvm/gems/ruby-3.2.2/gems/actionmailbox-7.0.8/app/views":
  app/views/layouts/application.html.erb:19

Started POST "/__better_errors/30b3926bd6bfa237/variables" for 10.240.0.113 at 2023-11-25 02:53:36 +0000
Started GET "/" for 10.240.0.113 at 2023-11-25 02:54:36 +0000
Processing by HomeController#index as HTML
  Rendering layout layouts/application.html.erb
  Rendering home/index.html.erb within layouts/application
  Rendered home/index.html.erb within layouts/application (Duration: 0.3ms | Allocations: 95)
  Rendered shared/_navbar.html.erb (Duration: 0.8ms | Allocations: 522)
  Rendered shared/_toast.html.erb (Duration: 0.3ms | Allocations: 231)
  Rendered layout layouts/application.html.erb (Duration: 9.4ms | Allocations: 7446)
Completed 200 OK in 11ms (Views: 10.6ms | ActiveRecord: 0.0ms | Allocations: 8565)


Started GET "/users/sign_in" for 10.240.0.113 at 2023-11-25 02:54:39 +0000
Processing by Devise::SessionsController#new as HTML
  Rendering layout layouts/application.html.erb
  Rendering devise/sessions/new.html.erb within layouts/application
  Rendered devise/shared/_links.html.erb (Duration: 0.8ms | Allocations: 588)
  Rendered devise/sessions/new.html.erb within layouts/application (Duration: 15.0ms | Allocations: 10239)
  Rendered shared/_navbar.html.erb (Duration: 0.2ms | Allocations: 167)
  Rendered shared/_toast.html.erb (Duration: 0.1ms | Allocations: 21)
  Rendered layout layouts/application.html.erb (Duration: 22.1ms | Allocations: 16522)
Completed 200 OK in 34ms (Views: 23.7ms | ActiveRecord: 0.5ms | Allocations: 24385)


Started POST "/users/sign_in" for 10.240.0.113 at 2023-11-25 02:54:45 +0000
Processing by Devise::SessionsController#create as TURBO_STREAM
  Parameters: {"authenticity_token"=>"[FILTERED]", "user"=>{"email"=>"bob@mail.net", "password"=>"[FILTERED]", "remember_me"=>"0"}, "commit"=>"Sign Me In"}
  [1m[36mUser Load (0.2ms)[0m  [1m[34mSELECT "users".* FROM "users" WHERE "users"."email" = ? ORDER BY "users"."id" ASC LIMIT ?[0m  [["email", "bob@mail.net"], ["LIMIT", 1]]
Completed 401 Unauthorized in 5ms (ActiveRecord: 0.2ms | Allocations: 5117)


Processing by Devise::SessionsController#new as TURBO_STREAM
  Parameters: {"authenticity_token"=>"[FILTERED]", "user"=>{"email"=>"bob@mail.net", "password"=>"[FILTERED]", "remember_me"=>"0"}, "commit"=>"Sign Me In"}
  Rendering layout layouts/application.html.erb
  Rendering devise/sessions/new.html.erb within layouts/application
  Rendered devise/shared/_links.html.erb (Duration: 0.1ms | Allocations: 76)
  Rendered devise/sessions/new.html.erb within layouts/application (Duration: 3.5ms | Allocations: 6515)
  Rendered shared/_navbar.html.erb (Duration: 0.1ms | Allocations: 112)
  Rendered shared/_toast.html.erb (Duration: 0.1ms | Allocations: 19)
  Rendered layout layouts/application.html.erb (Duration: 11.1ms | Allocations: 12659)
Completed 200 OK in 251ms (Views: 11.6ms | ActiveRecord: 0.0ms | Allocations: 13430)


Started POST "/users/sign_in" for 10.240.0.113 at 2023-11-25 02:54:50 +0000
Processing by Devise::SessionsController#create as TURBO_STREAM
  Parameters: {"authenticity_token"=>"[FILTERED]", "user"=>{"email"=>"bob@mail.net", "password"=>"[FILTERED]", "remember_me"=>"0"}, "commit"=>"Sign Me In"}
  [1m[36mUser Load (0.1ms)[0m  [1m[34mSELECT "users".* FROM "users" WHERE "users"."email" = ? ORDER BY "users"."id" ASC LIMIT ?[0m  [["email", "bob@mail.net"], ["LIMIT", 1]]
Completed 401 Unauthorized in 2ms (ActiveRecord: 0.1ms | Allocations: 1519)


Processing by Devise::SessionsController#new as TURBO_STREAM
  Parameters: {"authenticity_token"=>"[FILTERED]", "user"=>{"email"=>"bob@mail.net", "password"=>"[FILTERED]", "remember_me"=>"0"}, "commit"=>"Sign Me In"}
  Rendering layout layouts/application.html.erb
  Rendering devise/sessions/new.html.erb within layouts/application
  Rendered devise/shared/_links.html.erb (Duration: 0.1ms | Allocations: 76)
  Rendered devise/sessions/new.html.erb within layouts/application (Duration: 3.5ms | Allocations: 6553)
  Rendered shared/_navbar.html.erb (Duration: 0.2ms | Allocations: 112)
  Rendered shared/_toast.html.erb (Duration: 0.1ms | Allocations: 17)
  Rendered layout layouts/application.html.erb (Duration: 11.0ms | Allocations: 12694)
Completed 200 OK in 241ms (Views: 11.5ms | ActiveRecord: 0.0ms | Allocations: 13232)


Started GET "/" for 10.240.0.113 at 2023-11-25 02:54:52 +0000
Processing by HomeController#index as HTML
  Rendering layout layouts/application.html.erb
  Rendering home/index.html.erb within layouts/application
  Rendered home/index.html.erb within layouts/application (Duration: 0.0ms | Allocations: 7)
  Rendered shared/_navbar.html.erb (Duration: 0.3ms | Allocations: 186)
  Rendered shared/_toast.html.erb (Duration: 0.0ms | Allocations: 18)
  Rendered layout layouts/application.html.erb (Duration: 7.7ms | Allocations: 6410)
Completed 200 OK in 8ms (Views: 8.2ms | ActiveRecord: 0.0ms | Allocations: 6680)


Started GET "/users/sign_in" for 10.240.0.113 at 2023-11-25 02:54:56 +0000
Processing by Devise::SessionsController#new as HTML
  Rendering layout layouts/application.html.erb
  Rendering devise/sessions/new.html.erb within layouts/application
  Rendered devise/shared/_links.html.erb (Duration: 0.1ms | Allocations: 76)
  Rendered devise/sessions/new.html.erb within layouts/application (Duration: 4.0ms | Allocations: 6542)
  Rendered shared/_navbar.html.erb (Duration: 0.3ms | Allocations: 149)
  Rendered shared/_toast.html.erb (Duration: 0.1ms | Allocations: 18)
  Rendered layout layouts/application.html.erb (Duration: 11.7ms | Allocations: 12730)
Completed 200 OK in 13ms (Views: 12.2ms | ActiveRecord: 0.0ms | Allocations: 13386)


Started POST "/users/sign_in" for 10.240.0.113 at 2023-11-25 02:54:58 +0000
Processing by Devise::SessionsController#create as TURBO_STREAM
  Parameters: {"authenticity_token"=>"[FILTERED]", "user"=>{"email"=>"bob@mail.net", "password"=>"[FILTERED]", "remember_me"=>"0"}, "commit"=>"Sign Me In"}
  [1m[36mUser Load (0.1ms)[0m  [1m[34mSELECT "users".* FROM "users" WHERE "users"."email" = ? ORDER BY "users"."id" ASC LIMIT ?[0m  [["email", "bob@mail.net"], ["LIMIT", 1]]
Completed 401 Unauthorized in 2ms (ActiveRecord: 0.1ms | Allocations: 1500)


Processing by Devise::SessionsController#new as TURBO_STREAM
  Parameters: {"authenticity_token"=>"[FILTERED]", "user"=>{"email"=>"bob@mail.net", "password"=>"[FILTERED]", "remember_me"=>"0"}, "commit"=>"Sign Me In"}
  Rendering layout layouts/application.html.erb
  Rendering devise/sessions/new.html.erb within layouts/application
  Rendered devise/shared/_links.html.erb (Duration: 0.1ms | Allocations: 76)
  Rendered devise/sessions/new.html.erb within layouts/application (Duration: 3.6ms | Allocations: 6552)
  Rendered shared/_navbar.html.erb (Duration: 0.2ms | Allocations: 112)
  Rendered shared/_toast.html.erb (Duration: 0.1ms | Allocations: 17)
  Rendered layout layouts/application.html.erb (Duration: 13.2ms | Allocations: 12693)
Completed 200 OK in 266ms (Views: 13.9ms | ActiveRecord: 0.0ms | Allocations: 13232)


Started POST "/users/sign_in" for 10.240.0.113 at 2023-11-25 02:55:07 +0000
Processing by Devise::SessionsController#create as TURBO_STREAM
  Parameters: {"authenticity_token"=>"[FILTERED]", "user"=>{"email"=>"bob@mail.net", "password"=>"[FILTERED]", "remember_me"=>"0"}, "commit"=>"Sign Me In"}
  [1m[36mUser Load (0.1ms)[0m  [1m[34mSELECT "users".* FROM "users" WHERE "users"."email" = ? ORDER BY "users"."id" ASC LIMIT ?[0m  [["email", "bob@mail.net"], ["LIMIT", 1]]
Completed 401 Unauthorized in 2ms (ActiveRecord: 0.1ms | Allocations: 1503)


Processing by Devise::SessionsController#new as TURBO_STREAM
  Parameters: {"authenticity_token"=>"[FILTERED]", "user"=>{"email"=>"bob@mail.net", "password"=>"[FILTERED]", "remember_me"=>"0"}, "commit"=>"Sign Me In"}
  Rendering layout layouts/application.html.erb
  Rendering devise/sessions/new.html.erb within layouts/application
  Rendered devise/shared/_links.html.erb (Duration: 0.1ms | Allocations: 76)
  Rendered devise/sessions/new.html.erb within layouts/application (Duration: 3.5ms | Allocations: 6552)
  Rendered shared/_navbar.html.erb (Duration: 0.2ms | Allocations: 112)
  Rendered shared/_toast.html.erb (Duration: 0.1ms | Allocations: 17)
  Rendered layout layouts/application.html.erb (Duration: 13.5ms | Allocations: 12693)
Completed 200 OK in 252ms (Views: 14.1ms | ActiveRecord: 0.0ms | Allocations: 13231)


Started GET "/users/sign_up" for 10.240.0.113 at 2023-11-25 02:55:09 +0000
Processing by Devise::RegistrationsController#new as HTML
  Rendering layout layouts/application.html.erb
  Rendering devise/registrations/new.html.erb within layouts/application
  Rendered devise/registrations/new.html.erb within layouts/application (Duration: 5.1ms | Allocations: 5726)
  Rendered shared/_navbar.html.erb (Duration: 0.3ms | Allocations: 173)
  Rendered shared/_toast.html.erb (Duration: 0.1ms | Allocations: 21)
  Rendered layout layouts/application.html.erb (Duration: 12.6ms | Allocations: 12016)
Completed 200 OK in 15ms (Views: 13.8ms | ActiveRecord: 0.0ms | Allocations: 13346)


Started POST "/users" for 10.240.0.113 at 2023-11-25 02:55:25 +0000
Processing by Devise::RegistrationsController#create as TURBO_STREAM
  Parameters: {"authenticity_token"=>"[FILTERED]", "user"=>{"email"=>"bob@mail.com", "password"=>"[FILTERED]", "password_confirmation"=>"[FILTERED]"}, "commit"=>"Sign Me Up"}
[31mUnpermitted parameter: :password_confirmation. Context: { controller: Devise::RegistrationsController, action: create, request: #<ActionDispatch::Request:0x00007f0fa63c4940>, params: {"authenticity_token"=>"[FILTERED]", "user"=>{"email"=>"bob@mail.com", "password"=>"[FILTERED]", "password_confirmation"=>"[FILTERED]"}, "commit"=>"Sign Me Up", "controller"=>"devise/registrations", "action"=>"create"} }[0m
  [1m[36mTRANSACTION (0.1ms)[0m  [1m[36mbegin transaction[0m
  [1m[36mUser Exists? (0.1ms)[0m  [1m[34mSELECT 1 AS one FROM "users" WHERE "users"."email" = ? LIMIT ?[0m  [["email", "bob@mail.com"], ["LIMIT", 1]]
  [1m[36mUser Create (0.7ms)[0m  [1m[32mINSERT INTO "users" ("email", "encrypted_password", "reset_password_token", "reset_password_sent_at", "remember_created_at", "created_at", "updated_at") VALUES (?, ?, ?, ?, ?, ?, ?)[0m  [["email", "bob@mail.com"], ["encrypted_password", "[FILTERED]"], ["reset_password_token", "[FILTERED]"], ["reset_password_sent_at", "[FILTERED]"], ["remember_created_at", nil], ["created_at", "2023-11-25 02:55:25.604108"], ["updated_at", "2023-11-25 02:55:25.604108"]]
  [1m[36mTRANSACTION (33.3ms)[0m  [1m[36mcommit transaction[0m
Redirected to https://glowing-couscous-x77v647qwqrf6j6-3000.app.github.dev/
Completed 303 See Other in 271ms (ActiveRecord: 34.1ms | Allocations: 10749)


Started GET "/" for 10.240.0.113 at 2023-11-25 02:55:25 +0000
Processing by HomeController#index as TURBO_STREAM
  Rendering layout layouts/application.html.erb
  Rendering home/index.html.erb within layouts/application
  Rendered home/index.html.erb within layouts/application (Duration: 0.0ms | Allocations: 7)
  [1m[36mUser Load (0.1ms)[0m  [1m[34mSELECT "users".* FROM "users" WHERE "users"."id" = ? ORDER BY "users"."id" ASC LIMIT ?[0m  [["id", 1], ["LIMIT", 1]]
  ↳ app/views/shared/_navbar.html.erb:12
  Rendered shared/_navbar.html.erb (Duration: 1.5ms | Allocations: 1007)
  Rendered shared/_toast.html.erb (Duration: 0.1ms | Allocations: 28)
  Rendered layout layouts/application.html.erb (Duration: 9.5ms | Allocations: 9735)
Completed 500 Internal Server Error in 10ms (ActiveRecord: 0.1ms | Allocations: 10024)



ActionView::MissingTemplate - Missing partial layouts/_file_mgr with {:locale=>[:en], :formats=>[:html, :turbo_stream], :variants=>[], :handlers=>[:raw, :erb, :html, :builder, :ruby, :jbuilder]}.
Searched in:
  * "/workspaces/cloud-storage/app/views"
  * "/usr/local/rvm/gems/ruby-3.2.2/gems/rails_db-2.4.2/app/views"
  * "/usr/local/rvm/gems/ruby-3.2.2/gems/kaminari-core-1.2.2/app/views"
  * "/usr/local/rvm/gems/ruby-3.2.2/gems/devise-4.9.2/app/views"
  * "/usr/local/rvm/gems/ruby-3.2.2/gems/turbo-rails-1.4.0/app/views"
  * "/usr/local/rvm/gems/ruby-3.2.2/gems/actiontext-7.0.8/app/views"
  * "/usr/local/rvm/gems/ruby-3.2.2/gems/actionmailbox-7.0.8/app/views":
  app/views/layouts/application.html.erb:19

Started POST "/__better_errors/5130f6e6f804b569/variables" for 10.240.0.113 at 2023-11-25 02:55:25 +0000
Started GET "/users/sign_up" for 10.240.0.113 at 2023-11-25 02:56:29 +0000
Processing by Devise::RegistrationsController#new as HTML
  [1m[36mUser Load (0.1ms)[0m  [1m[34mSELECT "users".* FROM "users" WHERE "users"."id" = ? ORDER BY "users"."id" ASC LIMIT ?[0m  [["id", 1], ["LIMIT", 1]]
Redirected to https://glowing-couscous-x77v647qwqrf6j6-3000.app.github.dev/
Filter chain halted as :require_no_authentication rendered or redirected
Completed 302 Found in 3ms (ActiveRecord: 0.1ms | Allocations: 1562)


Started GET "/" for 10.240.0.113 at 2023-11-25 02:56:29 +0000
Processing by HomeController#index as HTML
  Rendering layout layouts/application.html.erb
  Rendering home/index.html.erb within layouts/application
  Rendered home/index.html.erb within layouts/application (Duration: 0.3ms | Allocations: 95)
  [1m[36mUser Load (0.1ms)[0m  [1m[34mSELECT "users".* FROM "users" WHERE "users"."id" = ? ORDER BY "users"."id" ASC LIMIT ?[0m  [["id", 1], ["LIMIT", 1]]
  ↳ app/views/shared/_navbar.html.erb:12
  Rendered shared/_navbar.html.erb (Duration: 1.8ms | Allocations: 1237)
  Rendered shared/_toast.html.erb (Duration: 0.4ms | Allocations: 238)
  Rendered layout layouts/application.html.erb (Duration: 11.1ms | Allocations: 10704)
Completed 500 Internal Server Error in 13ms (ActiveRecord: 0.1ms | Allocations: 11743)



ActionView::MissingTemplate - Missing partial layouts/_file_mgr with {:locale=>[:en], :formats=>[:html], :variants=>[], :handlers=>[:raw, :erb, :html, :builder, :ruby, :jbuilder]}.
Searched in:
  * "/workspaces/cloud-storage/app/views"
  * "/usr/local/rvm/gems/ruby-3.2.2/gems/rails_db-2.4.2/app/views"
  * "/usr/local/rvm/gems/ruby-3.2.2/gems/kaminari-core-1.2.2/app/views"
  * "/usr/local/rvm/gems/ruby-3.2.2/gems/devise-4.9.2/app/views"
  * "/usr/local/rvm/gems/ruby-3.2.2/gems/turbo-rails-1.4.0/app/views"
  * "/usr/local/rvm/gems/ruby-3.2.2/gems/actiontext-7.0.8/app/views"
  * "/usr/local/rvm/gems/ruby-3.2.2/gems/actionmailbox-7.0.8/app/views":
  app/views/layouts/application.html.erb:19

Started POST "/__better_errors/b18d0144f1ee47bb/variables" for 10.240.0.113 at 2023-11-25 02:56:30 +0000
Started GET "/" for 10.240.0.113 at 2023-11-25 02:57:06 +0000
Processing by HomeController#index as HTML
  Rendering layout layouts/application.html.erb
  Rendering home/index.html.erb within layouts/application
  Rendered home/index.html.erb within layouts/application (Duration: 0.3ms | Allocations: 95)
  [1m[36mUser Load (0.1ms)[0m  [1m[34mSELECT "users".* FROM "users" WHERE "users"."id" = ? ORDER BY "users"."id" ASC LIMIT ?[0m  [["id", 1], ["LIMIT", 1]]
  ↳ app/views/shared/_navbar.html.erb:12
  Rendered shared/_navbar.html.erb (Duration: 2.1ms | Allocations: 1237)
  Rendered shared/_toast.html.erb (Duration: 0.4ms | Allocations: 238)
  Rendered layouts/_file_mgr.html.erb (Duration: 0.8ms | Allocations: 2580)
  Rendered layout layouts/application.html.erb (Duration: 11.4ms | Allocations: 10974)
Completed 500 Internal Server Error in 13ms (ActiveRecord: 0.1ms | Allocations: 12016)



NameError - undefined local variable or method `f' for #<ActionView::Base:0x00000000011d00>:
  app/views/layouts/_file_mgr.html.erb:1
  app/views/layouts/application.html.erb:19

Started POST "/__better_errors/af80fcdc5cf64707/variables" for 10.240.0.113 at 2023-11-25 02:57:06 +0000
Started GET "/" for 10.240.0.10 at 2023-11-25 02:59:26 +0000
Processing by HomeController#index as HTML
  Rendering layout layouts/application.html.erb
  Rendering home/index.html.erb within layouts/application
  Rendered home/index.html.erb within layouts/application (Duration: 0.3ms | Allocations: 95)
  [1m[36mUser Load (0.1ms)[0m  [1m[34mSELECT "users".* FROM "users" WHERE "users"."id" = ? ORDER BY "users"."id" ASC LIMIT ?[0m  [["id", 1], ["LIMIT", 1]]
  ↳ app/views/shared/_navbar.html.erb:12
  Rendered shared/_navbar.html.erb (Duration: 1.9ms | Allocations: 1240)
  Rendered shared/_toast.html.erb (Duration: 0.4ms | Allocations: 238)
  Rendered layouts/_file_mgr.html.erb (Duration: 1.2ms | Allocations: 2618)
  Rendered layout layouts/application.html.erb (Duration: 21.4ms | Allocations: 11025)
Completed 500 Internal Server Error in 23ms (ActiveRecord: 0.1ms | Allocations: 12065)



NameError - undefined local variable or method `resource' for #<ActionView::Base:0x00000000011eb8>:
  app/views/layouts/_file_mgr.html.erb:1
  app/views/layouts/application.html.erb:19

Started POST "/__better_errors/444378e5c7aa9d39/variables" for 10.240.0.10 at 2023-11-25 02:59:26 +0000
Started GET "/" for 10.240.4.209 at 2023-11-25 03:04:43 +0000
  [1m[36mActiveRecord::SchemaMigration Pluck (0.1ms)[0m  [1m[34mSELECT "schema_migrations"."version" FROM "schema_migrations" ORDER BY "schema_migrations"."version" ASC[0m
Processing by HomeController#index as HTML
  Rendering layout layouts/application.html.erb
  Rendering home/index.html.erb within layouts/application
  Rendered home/index.html.erb within layouts/application (Duration: 0.7ms | Allocations: 283)
  [1m[36mUser Load (0.1ms)[0m  [1m[34mSELECT "users".* FROM "users" WHERE "users"."id" = ? ORDER BY "users"."id" ASC LIMIT ?[0m  [["id", 1], ["LIMIT", 1]]
  ↳ app/views/shared/_navbar.html.erb:12
  Rendered shared/_navbar.html.erb (Duration: 35.5ms | Allocations: 11336)
  Rendered shared/_toast.html.erb (Duration: 3.8ms | Allocations: 278)
  Rendered layouts/_file_mgr.html.erb (Duration: 35.4ms | Allocations: 4750)
  Rendered layout layouts/application.html.erb (Duration: 193.3ms | Allocations: 90097)
Completed 200 OK in 340ms (Views: 197.7ms | ActiveRecord: 0.5ms | Allocations: 375527)


Started GET "/" for 10.240.1.100 at 2023-11-25 21:16:16 +0000
  [1m[36mActiveRecord::SchemaMigration Pluck (0.1ms)[0m  [1m[34mSELECT "schema_migrations"."version" FROM "schema_migrations" ORDER BY "schema_migrations"."version" ASC[0m
Processing by HomeController#index as HTML
  Rendering layout layouts/application.html.erb
  Rendering home/index.html.erb within layouts/application
  Rendered home/index.html.erb within layouts/application (Duration: 0.6ms | Allocations: 283)
  Rendered shared/_navbar.html.erb (Duration: 1.8ms | Allocations: 713)
  Rendered shared/_toast.html.erb (Duration: 0.5ms | Allocations: 266)
  Rendered layout layouts/application.html.erb (Duration: 118.3ms | Allocations: 74319)
Completed 200 OK in 313ms (Views: 120.8ms | ActiveRecord: 0.0ms | Allocations: 359459)


Started GET "/users/sign_up" for 10.240.1.100 at 2023-11-25 21:16:19 +0000
Processing by Devise::RegistrationsController#new as HTML
  Rendering layout layouts/application.html.erb
  Rendering devise/registrations/new.html.erb within layouts/application
  Rendered devise/registrations/new.html.erb within layouts/application (Duration: 14.2ms | Allocations: 7736)
  Rendered shared/_navbar.html.erb (Duration: 0.3ms | Allocations: 173)
  Rendered shared/_toast.html.erb (Duration: 0.1ms | Allocations: 21)
  Rendered layout layouts/application.html.erb (Duration: 24.8ms | Allocations: 14027)
Completed 200 OK in 40ms (Views: 27.3ms | ActiveRecord: 0.7ms | Allocations: 20977)


Started POST "/users" for 10.240.2.255 at 2023-11-25 21:18:18 +0000
Processing by Devise::RegistrationsController#create as TURBO_STREAM
  Parameters: {"authenticity_token"=>"[FILTERED]", "user"=>{"email"=>"alice@email.net", "password"=>"[FILTERED]", "password_confirmation"=>"[FILTERED]", "avatar"=>#<ActionDispatch::Http::UploadedFile:0x00007fb32363cc10 @tempfile=#<Tempfile:/tmp/RackMultipart20231125-18062-5vmz7u.JPEG>, @content_type="image/jpeg", @original_filename="64929673091__36B90B32-4E6B-4204-8E5A-CA5739F9BA8A.JPEG", @headers="Content-Disposition: form-data; name=\"user[avatar]\"; filename=\"64929673091__36B90B32-4E6B-4204-8E5A-CA5739F9BA8A.JPEG\"\r\nContent-Type: image/jpeg\r\n">}, "commit"=>"Sign Me Up"}
[31mUnpermitted parameter: :password_confirmation. Context: { controller: Devise::RegistrationsController, action: create, request: #<ActionDispatch::Request:0x00007fb32ae3f6e0>, params: {"authenticity_token"=>"[FILTERED]", "user"=>{"email"=>"alice@email.net", "password"=>"[FILTERED]", "password_confirmation"=>"[FILTERED]", "avatar"=>#<ActionDispatch::Http::UploadedFile:0x00007fb32363cc10 @tempfile=#<Tempfile:/tmp/RackMultipart20231125-18062-5vmz7u.JPEG>, @content_type="image/jpeg", @original_filename="64929673091__36B90B32-4E6B-4204-8E5A-CA5739F9BA8A.JPEG", @headers="Content-Disposition: form-data; name=\"user[avatar]\"; filename=\"64929673091__36B90B32-4E6B-4204-8E5A-CA5739F9BA8A.JPEG\"\r\nContent-Type: image/jpeg\r\n">}, "commit"=>"Sign Me Up", "controller"=>"devise/registrations", "action"=>"create"} }[0m
  [1m[36mTRANSACTION (0.0ms)[0m  [1m[36mbegin transaction[0m
  [1m[36mUser Exists? (0.1ms)[0m  [1m[34mSELECT 1 AS one FROM "users" WHERE "users"."email" = ? LIMIT ?[0m  [["email", "alice@email.net"], ["LIMIT", 1]]
  [1m[36mUser Create (0.5ms)[0m  [1m[32mINSERT INTO "users" ("email", "encrypted_password", "reset_password_token", "reset_password_sent_at", "remember_created_at", "created_at", "updated_at") VALUES (?, ?, ?, ?, ?, ?, ?)[0m  [["email", "alice@email.net"], ["encrypted_password", "[FILTERED]"], ["reset_password_token", "[FILTERED]"], ["reset_password_sent_at", "[FILTERED]"], ["remember_created_at", nil], ["created_at", "2023-11-25 21:18:22.142750"], ["updated_at", "2023-11-25 21:18:22.142750"]]
  [1m[36mActiveStorage::Blob Load (0.1ms)[0m  [1m[34mSELECT "active_storage_blobs".* FROM "active_storage_blobs" INNER JOIN "active_storage_attachments" ON "active_storage_blobs"."id" = "active_storage_attachments"."blob_id" WHERE "active_storage_attachments"."record_id" = ? AND "active_storage_attachments"."record_type" = ? AND "active_storage_attachments"."name" = ? LIMIT ?[0m  [["record_id", 2], ["record_type", "User"], ["name", "avatar"], ["LIMIT", 1]]
  [1m[36mActiveStorage::Attachment Load (0.1ms)[0m  [1m[34mSELECT "active_storage_attachments".* FROM "active_storage_attachments" WHERE "active_storage_attachments"."record_id" = ? AND "active_storage_attachments"."record_type" = ? AND "active_storage_attachments"."name" = ? LIMIT ?[0m  [["record_id", 2], ["record_type", "User"], ["name", "avatar"], ["LIMIT", 1]]
  [1m[36mActiveStorage::Blob Create (0.3ms)[0m  [1m[32mINSERT INTO "active_storage_blobs" ("key", "filename", "content_type", "metadata", "service_name", "byte_size", "checksum", "created_at") VALUES (?, ?, ?, ?, ?, ?, ?, ?)[0m  [["key", "9s1885gw98kbg86qciq5i6y93q3l"], ["filename", "64929673091__36B90B32-4E6B-4204-8E5A-CA5739F9BA8A.JPEG"], ["content_type", "image/jpeg"], ["metadata", "{\"identified\":true}"], ["service_name", "amazon"], ["byte_size", 3956168], ["checksum", "p7b2c+7tyMDpBky5y4OjfA=="], ["created_at", "2023-11-25 21:18:22.205034"]]
  [1m[36mActiveStorage::Attachment Create (0.4ms)[0m  [1m[32mINSERT INTO "active_storage_attachments" ("name", "record_type", "record_id", "blob_id", "created_at") VALUES (?, ?, ?, ?, ?)[0m  [["name", "avatar"], ["record_type", "User"], ["record_id", 2], ["blob_id", 1], ["created_at", "2023-11-25 21:18:22.216125"]]
  [1m[36mUser Update (0.1ms)[0m  [1m[33mUPDATE "users" SET "updated_at" = ? WHERE "users"."id" = ?[0m  [["updated_at", "2023-11-25 21:18:22.225851"], ["id", 2]]
  [1m[36mTRANSACTION (37.4ms)[0m  [1m[36mcommit transaction[0m
[36m  S3 Storage (152.8ms) [0m[32mUploaded file to key: 9s1885gw98kbg86qciq5i6y93q3l (checksum: p7b2c+7tyMDpBky5y4OjfA==)[0m
Completed 500 Internal Server Error in 3629ms (ActiveRecord: 39.8ms | Allocations: 195584)



Aws::Errors::MissingCredentialsError - unable to sign request without credentials set:

Started POST "/__better_errors/f17e1a6fe3de84cb/variables" for 10.240.2.255 at 2023-11-25 21:18:22 +0000
Started GET "/" for 10.240.3.196 at 2023-11-25 21:22:19 +0000
Processing by HomeController#index as HTML
  Rendering layout layouts/application.html.erb
  Rendering home/index.html.erb within layouts/application
  Rendered home/index.html.erb within layouts/application (Duration: 0.4ms | Allocations: 100)
  Rendered shared/_navbar.html.erb (Duration: 0.8ms | Allocations: 523)
  Rendered shared/_toast.html.erb (Duration: 0.3ms | Allocations: 231)
  Rendered layout layouts/application.html.erb (Duration: 13.5ms | Allocations: 7694)
Completed 200 OK in 20ms (Views: 19.4ms | ActiveRecord: 0.0ms | Allocations: 8767)


Started GET "/" for 10.240.3.196 at 2023-11-25 21:22:19 +0000
Processing by HomeController#index as HTML
  Rendering layout layouts/application.html.erb
  Rendering home/index.html.erb within layouts/application
  Rendered home/index.html.erb within layouts/application (Duration: 0.1ms | Allocations: 7)
  Rendered shared/_navbar.html.erb (Duration: 0.4ms | Allocations: 186)
  Rendered shared/_toast.html.erb (Duration: 0.1ms | Allocations: 18)
  Rendered layout layouts/application.html.erb (Duration: 12.6ms | Allocations: 6419)
Completed 200 OK in 14ms (Views: 13.4ms | ActiveRecord: 0.0ms | Allocations: 6686)


Started GET "/users/sign_in" for 10.240.3.196 at 2023-11-25 21:22:21 +0000
Processing by Devise::SessionsController#new as HTML
  Rendering layout layouts/application.html.erb
  Rendering devise/sessions/new.html.erb within layouts/application
  Rendered devise/shared/_links.html.erb (Duration: 0.8ms | Allocations: 588)
  Rendered devise/sessions/new.html.erb within layouts/application (Duration: 6.8ms | Allocations: 7849)
  Rendered shared/_navbar.html.erb (Duration: 0.2ms | Allocations: 167)
  Rendered shared/_toast.html.erb (Duration: 0.1ms | Allocations: 21)
  Rendered layout layouts/application.html.erb (Duration: 14.2ms | Allocations: 14131)
Completed 200 OK in 17ms (Views: 15.8ms | ActiveRecord: 0.0ms | Allocations: 15627)


Started POST "/users/sign_in" for 10.240.3.196 at 2023-11-25 21:22:24 +0000
Processing by Devise::SessionsController#create as TURBO_STREAM
  Parameters: {"authenticity_token"=>"[FILTERED]", "user"=>{"email"=>"alice@email.net", "password"=>"[FILTERED]", "remember_me"=>"0"}, "commit"=>"Sign Me In"}
  [1m[36mUser Load (0.2ms)[0m  [1m[34mSELECT "users".* FROM "users" WHERE "users"."email" = ? ORDER BY "users"."id" ASC LIMIT ?[0m  [["email", "alice@email.net"], ["LIMIT", 1]]
Completed 401 Unauthorized in 232ms (ActiveRecord: 0.2ms | Allocations: 1933)


Processing by Devise::SessionsController#new as TURBO_STREAM
  Parameters: {"authenticity_token"=>"[FILTERED]", "user"=>{"email"=>"alice@email.net", "password"=>"[FILTERED]", "remember_me"=>"0"}, "commit"=>"Sign Me In"}
  Rendering layout layouts/application.html.erb
  Rendering devise/sessions/new.html.erb within layouts/application
  Rendered devise/shared/_links.html.erb (Duration: 0.2ms | Allocations: 76)
  Rendered devise/sessions/new.html.erb within layouts/application (Duration: 6.1ms | Allocations: 6568)
  Rendered shared/_navbar.html.erb (Duration: 0.2ms | Allocations: 106)
  Rendered shared/_toast.html.erb (Duration: 0.1ms | Allocations: 19)
  Rendered layout layouts/application.html.erb (Duration: 17.1ms | Allocations: 12702)
Completed 200 OK in 267ms (Views: 17.9ms | ActiveRecord: 0.0ms | Allocations: 13243)


Started GET "/users/sign_up" for 10.240.3.196 at 2023-11-25 21:22:30 +0000
Processing by Devise::RegistrationsController#new as HTML
  Rendering layout layouts/application.html.erb
  Rendering devise/registrations/new.html.erb within layouts/application
  Rendered devise/registrations/new.html.erb within layouts/application (Duration: 4.4ms | Allocations: 5666)
  Rendered shared/_navbar.html.erb (Duration: 0.3ms | Allocations: 170)
  Rendered shared/_toast.html.erb (Duration: 0.1ms | Allocations: 20)
  Rendered layout layouts/application.html.erb (Duration: 11.8ms | Allocations: 11950)
Completed 200 OK in 14ms (Views: 13.3ms | ActiveRecord: 0.0ms | Allocations: 13071)


Started POST "/users" for 10.240.3.196 at 2023-11-25 21:22:55 +0000
Processing by Devise::RegistrationsController#create as TURBO_STREAM
  Parameters: {"authenticity_token"=>"[FILTERED]", "user"=>{"email"=>"alice@email.net", "password"=>"[FILTERED]", "password_confirmation"=>"[FILTERED]"}, "commit"=>"Sign Me Up"}
[31mUnpermitted parameter: :password_confirmation. Context: { controller: Devise::RegistrationsController, action: create, request: #<ActionDispatch::Request:0x00007fb32ae75650>, params: {"authenticity_token"=>"[FILTERED]", "user"=>{"email"=>"alice@email.net", "password"=>"[FILTERED]", "password_confirmation"=>"[FILTERED]"}, "commit"=>"Sign Me Up", "controller"=>"devise/registrations", "action"=>"create"} }[0m
  [1m[36mTRANSACTION (0.1ms)[0m  [1m[36mbegin transaction[0m
  [1m[36mUser Exists? (0.1ms)[0m  [1m[34mSELECT 1 AS one FROM "users" WHERE "users"."email" = ? LIMIT ?[0m  [["email", "alice@email.net"], ["LIMIT", 1]]
  [1m[36mTRANSACTION (0.0ms)[0m  [1m[31mrollback transaction[0m
  Rendering layout layouts/application.html.erb
  Rendering devise/registrations/new.html.erb within layouts/application
  Rendered devise/registrations/new.html.erb within layouts/application (Duration: 5.9ms | Allocations: 6165)
  Rendered shared/_navbar.html.erb (Duration: 0.3ms | Allocations: 150)
  Rendered shared/_toast.html.erb (Duration: 0.0ms | Allocations: 18)
  Rendered layout layouts/application.html.erb (Duration: 19.4ms | Allocations: 12491)
Completed 422 Unprocessable Entity in 282ms (Views: 20.4ms | ActiveRecord: 0.2ms | Allocations: 43027)


Started GET "/users/sign_in" for 10.240.3.196 at 2023-11-25 21:23:04 +0000
Processing by Devise::SessionsController#new as HTML
  Rendering layout layouts/application.html.erb
  Rendering devise/sessions/new.html.erb within layouts/application
  Rendered devise/shared/_links.html.erb (Duration: 0.1ms | Allocations: 76)
  Rendered devise/sessions/new.html.erb within layouts/application (Duration: 3.3ms | Allocations: 6542)
  Rendered shared/_navbar.html.erb (Duration: 0.2ms | Allocations: 149)
  Rendered shared/_toast.html.erb (Duration: 0.0ms | Allocations: 18)
  Rendered layout layouts/application.html.erb (Duration: 10.3ms | Allocations: 12729)
Completed 200 OK in 12ms (Views: 10.9ms | ActiveRecord: 0.0ms | Allocations: 13378)


Started POST "/users/sign_in" for 10.240.3.196 at 2023-11-25 21:23:06 +0000
Processing by Devise::SessionsController#create as TURBO_STREAM
  Parameters: {"authenticity_token"=>"[FILTERED]", "user"=>{"email"=>"alice@email.net", "password"=>"[FILTERED]", "remember_me"=>"0"}, "commit"=>"Sign Me In"}
  [1m[36mUser Load (0.1ms)[0m  [1m[34mSELECT "users".* FROM "users" WHERE "users"."email" = ? ORDER BY "users"."id" ASC LIMIT ?[0m  [["email", "alice@email.net"], ["LIMIT", 1]]
Completed 401 Unauthorized in 231ms (ActiveRecord: 0.1ms | Allocations: 1552)


Processing by Devise::SessionsController#new as TURBO_STREAM
  Parameters: {"authenticity_token"=>"[FILTERED]", "user"=>{"email"=>"alice@email.net", "password"=>"[FILTERED]", "remember_me"=>"0"}, "commit"=>"Sign Me In"}
  Rendering layout layouts/application.html.erb
  Rendering devise/sessions/new.html.erb within layouts/application
  Rendered devise/shared/_links.html.erb (Duration: 0.2ms | Allocations: 76)
  Rendered devise/sessions/new.html.erb within layouts/application (Duration: 5.4ms | Allocations: 6552)
  Rendered shared/_navbar.html.erb (Duration: 0.2ms | Allocations: 106)
  Rendered shared/_toast.html.erb (Duration: 0.0ms | Allocations: 17)
  Rendered layout layouts/application.html.erb (Duration: 16.5ms | Allocations: 12684)
Completed 200 OK in 249ms (Views: 17.3ms | ActiveRecord: 0.0ms | Allocations: 13219)


Started POST "/users/sign_in" for 10.240.3.196 at 2023-11-25 21:23:13 +0000
Processing by Devise::SessionsController#create as TURBO_STREAM
  Parameters: {"authenticity_token"=>"[FILTERED]", "user"=>{"email"=>"alice@email.net", "password"=>"[FILTERED]", "remember_me"=>"0"}, "commit"=>"Sign Me In"}
  [1m[36mUser Load (0.1ms)[0m  [1m[34mSELECT "users".* FROM "users" WHERE "users"."email" = ? ORDER BY "users"."id" ASC LIMIT ?[0m  [["email", "alice@email.net"], ["LIMIT", 1]]
Completed 401 Unauthorized in 235ms (ActiveRecord: 0.1ms | Allocations: 1559)


Processing by Devise::SessionsController#new as TURBO_STREAM
  Parameters: {"authenticity_token"=>"[FILTERED]", "user"=>{"email"=>"alice@email.net", "password"=>"[FILTERED]", "remember_me"=>"0"}, "commit"=>"Sign Me In"}
  Rendering layout layouts/application.html.erb
  Rendering devise/sessions/new.html.erb within layouts/application
  Rendered devise/shared/_links.html.erb (Duration: 0.1ms | Allocations: 76)
  Rendered devise/sessions/new.html.erb within layouts/application (Duration: 3.4ms | Allocations: 6556)
  Rendered shared/_navbar.html.erb (Duration: 0.2ms | Allocations: 106)
  Rendered shared/_toast.html.erb (Duration: 0.0ms | Allocations: 17)
  Rendered layout layouts/application.html.erb (Duration: 11.9ms | Allocations: 12689)
Completed 200 OK in 240ms (Views: 12.8ms | ActiveRecord: 0.0ms | Allocations: 13224)


Started GET "/users/sign_in" for 10.240.3.196 at 2023-11-25 21:23:16 +0000
Processing by Devise::SessionsController#new as HTML
  Rendering layout layouts/application.html.erb
  Rendering devise/sessions/new.html.erb within layouts/application
  Rendered devise/shared/_links.html.erb (Duration: 0.2ms | Allocations: 76)
  Rendered devise/sessions/new.html.erb within layouts/application (Duration: 7.2ms | Allocations: 6550)
  Rendered shared/_navbar.html.erb (Duration: 0.3ms | Allocations: 149)
  Rendered shared/_toast.html.erb (Duration: 0.0ms | Allocations: 18)
  Rendered layout layouts/application.html.erb (Duration: 18.2ms | Allocations: 12874)
Completed 200 OK in 20ms (Views: 19.1ms | ActiveRecord: 0.0ms | Allocations: 13542)


Started GET "/users/sign_up" for 10.240.3.196 at 2023-11-25 21:23:19 +0000
Processing by Devise::RegistrationsController#new as HTML
  Rendering layout layouts/application.html.erb
  Rendering devise/registrations/new.html.erb within layouts/application
  Rendered devise/registrations/new.html.erb within layouts/application (Duration: 3.4ms | Allocations: 5291)
  Rendered shared/_navbar.html.erb (Duration: 0.3ms | Allocations: 150)
  Rendered shared/_toast.html.erb (Duration: 0.0ms | Allocations: 18)
  Rendered layout layouts/application.html.erb (Duration: 12.0ms | Allocations: 11557)
Completed 200 OK in 13ms (Views: 12.5ms | ActiveRecord: 0.0ms | Allocations: 12191)


Started POST "/users" for 10.240.3.196 at 2023-11-25 21:23:36 +0000
Processing by Devise::RegistrationsController#create as TURBO_STREAM
  Parameters: {"authenticity_token"=>"[FILTERED]", "user"=>{"email"=>"bob@email.net", "password"=>"[FILTERED]", "password_confirmation"=>"[FILTERED]"}, "commit"=>"Sign Me Up"}
[31mUnpermitted parameter: :password_confirmation. Context: { controller: Devise::RegistrationsController, action: create, request: #<ActionDispatch::Request:0x00007fb2fbc34d98>, params: {"authenticity_token"=>"[FILTERED]", "user"=>{"email"=>"bob@email.net", "password"=>"[FILTERED]", "password_confirmation"=>"[FILTERED]"}, "commit"=>"Sign Me Up", "controller"=>"devise/registrations", "action"=>"create"} }[0m
  [1m[36mTRANSACTION (0.1ms)[0m  [1m[36mbegin transaction[0m
  [1m[36mUser Exists? (0.1ms)[0m  [1m[34mSELECT 1 AS one FROM "users" WHERE "users"."email" = ? LIMIT ?[0m  [["email", "bob@email.net"], ["LIMIT", 1]]
  [1m[36mUser Create (0.4ms)[0m  [1m[32mINSERT INTO "users" ("email", "encrypted_password", "reset_password_token", "reset_password_sent_at", "remember_created_at", "created_at", "updated_at") VALUES (?, ?, ?, ?, ?, ?, ?)[0m  [["email", "bob@email.net"], ["encrypted_password", "[FILTERED]"], ["reset_password_token", "[FILTERED]"], ["reset_password_sent_at", "[FILTERED]"], ["remember_created_at", nil], ["created_at", "2023-11-25 21:23:37.137874"], ["updated_at", "2023-11-25 21:23:37.137874"]]
  [1m[36mTRANSACTION (24.6ms)[0m  [1m[36mcommit transaction[0m
Redirected to https://glowing-couscous-x77v647qwqrf6j6-3000.app.github.dev/
Completed 303 See Other in 260ms (ActiveRecord: 25.2ms | Allocations: 6812)


Started GET "/" for 10.240.3.196 at 2023-11-25 21:23:37 +0000
Processing by HomeController#index as TURBO_STREAM
  Rendering layout layouts/application.html.erb
  Rendering home/index.html.erb within layouts/application
  Rendered home/index.html.erb within layouts/application (Duration: 0.0ms | Allocations: 7)
  [1m[36mUser Load (0.2ms)[0m  [1m[34mSELECT "users".* FROM "users" WHERE "users"."id" = ? ORDER BY "users"."id" ASC LIMIT ?[0m  [["id", 3], ["LIMIT", 1]]
  ↳ app/views/shared/_navbar.html.erb:12
  Rendered shared/_navbar.html.erb (Duration: 1.7ms | Allocations: 968)
  Rendered shared/_toast.html.erb (Duration: 0.1ms | Allocations: 28)
  Rendered layouts/_file_mgr.html.erb (Duration: 22.6ms | Allocations: 31804)
  Rendered layout layouts/application.html.erb (Duration: 32.1ms | Allocations: 39257)
Completed 200 OK in 33ms (Views: 32.4ms | ActiveRecord: 0.2ms | Allocations: 39571)


Started GET "/users/edit" for 10.240.3.196 at 2023-11-25 21:23:50 +0000
Processing by Devise::RegistrationsController#edit as HTML
  [1m[36mUser Load (0.2ms)[0m  [1m[34mSELECT "users".* FROM "users" WHERE "users"."id" = ? ORDER BY "users"."id" ASC LIMIT ?[0m  [["id", 3], ["LIMIT", 1]]
  Rendering layout layouts/application.html.erb
  Rendering devise/registrations/edit.html.erb within layouts/application
  Rendered devise/registrations/edit.html.erb within layouts/application (Duration: 5.5ms | Allocations: 6642)
  Rendered shared/_navbar.html.erb (Duration: 0.1ms | Allocations: 115)
  Rendered shared/_toast.html.erb (Duration: 0.1ms | Allocations: 18)
  Rendered layouts/_file_mgr.html.erb (Duration: 1.1ms | Allocations: 3131)
  Rendered layout layouts/application.html.erb (Duration: 17.8ms | Allocations: 16055)
Completed 200 OK in 22ms (Views: 18.9ms | ActiveRecord: 0.2ms | Allocations: 17944)


Started GET "/users/edit" for 10.240.3.196 at 2023-11-25 21:24:13 +0000
Processing by Devise::RegistrationsController#edit as HTML
  [1m[36mUser Load (0.1ms)[0m  [1m[34mSELECT "users".* FROM "users" WHERE "users"."id" = ? ORDER BY "users"."id" ASC LIMIT ?[0m  [["id", 3], ["LIMIT", 1]]
  Rendering layout layouts/application.html.erb
  Rendering devise/registrations/edit.html.erb within layouts/application
  Rendered devise/registrations/edit.html.erb within layouts/application (Duration: 5.6ms | Allocations: 6213)
  Rendered shared/_navbar.html.erb (Duration: 0.9ms | Allocations: 439)
  Rendered shared/_toast.html.erb (Duration: 0.4ms | Allocations: 231)
  Rendered layouts/_file_mgr.html.erb (Duration: 1.6ms | Allocations: 3298)
  Rendered layout layouts/application.html.erb (Duration: 16.6ms | Allocations: 16908)
Completed 200 OK in 21ms (Views: 18.5ms | ActiveRecord: 0.1ms | Allocations: 19673)


Started GET "/users/edit" for 10.240.3.196 at 2023-11-25 21:24:27 +0000
Processing by Devise::RegistrationsController#edit as HTML
  [1m[36mUser Load (0.1ms)[0m  [1m[34mSELECT "users".* FROM "users" WHERE "users"."id" = ? ORDER BY "users"."id" ASC LIMIT ?[0m  [["id", 3], ["LIMIT", 1]]
  Rendering layout layouts/application.html.erb
  Rendering devise/registrations/edit.html.erb within layouts/application
  Rendered devise/registrations/edit.html.erb within layouts/application (Duration: 5.0ms | Allocations: 6552)
  Rendered shared/_navbar.html.erb (Duration: 0.6ms | Allocations: 439)
  Rendered shared/_toast.html.erb (Duration: 0.4ms | Allocations: 231)
  Rendered layouts/_file_mgr.html.erb (Duration: 1.3ms | Allocations: 3296)
  Rendered layout layouts/application.html.erb (Duration: 15.2ms | Allocations: 17164)
Completed 200 OK in 20ms (Views: 17.3ms | ActiveRecord: 0.1ms | Allocations: 19912)


Started GET "/users/edit" for 10.240.3.196 at 2023-11-25 21:25:03 +0000
Processing by Devise::RegistrationsController#edit as HTML
  [1m[36mUser Load (0.1ms)[0m  [1m[34mSELECT "users".* FROM "users" WHERE "users"."id" = ? ORDER BY "users"."id" ASC LIMIT ?[0m  [["id", 3], ["LIMIT", 1]]
  Rendering layout layouts/application.html.erb
  Rendering devise/registrations/edit.html.erb within layouts/application
  Rendered devise/registrations/edit.html.erb within layouts/application (Duration: 4.2ms | Allocations: 6193)
  Rendered shared/_navbar.html.erb (Duration: 0.6ms | Allocations: 439)
  Rendered shared/_toast.html.erb (Duration: 0.3ms | Allocations: 231)
  Rendered layouts/_file_mgr.html.erb (Duration: 1.3ms | Allocations: 3298)
  Rendered layout layouts/application.html.erb (Duration: 14.3ms | Allocations: 16751)
Completed 200 OK in 19ms (Views: 16.7ms | ActiveRecord: 0.1ms | Allocations: 19521)


Started PUT "/users" for 10.240.3.196 at 2023-11-25 21:25:34 +0000
Processing by Devise::RegistrationsController#update as TURBO_STREAM
  Parameters: {"authenticity_token"=>"[FILTERED]", "user"=>{"email"=>"bob@email.net", "password"=>"[FILTERED]", "password_confirmation"=>"[FILTERED]", "current_password"=>"[FILTERED]"}, "commit"=>"Update"}
  [1m[36mUser Load (0.1ms)[0m  [1m[34mSELECT "users".* FROM "users" WHERE "users"."id" = ? ORDER BY "users"."id" ASC LIMIT ?[0m  [["id", 3], ["LIMIT", 1]]
  [1m[36mUser Load (0.1ms)[0m  [1m[34mSELECT "users".* FROM "users" WHERE "users"."id" = ? LIMIT ?[0m  [["id", 3], ["LIMIT", 1]]
[31mUnpermitted parameter: :password_confirmation. Context: { controller: Devise::RegistrationsController, action: update, request: #<ActionDispatch::Request:0x00007fb3296dbaf8>, params: {"_method"=>"put", "authenticity_token"=>"[FILTERED]", "user"=>{"email"=>"bob@email.net", "password"=>"[FILTERED]", "password_confirmation"=>"[FILTERED]", "current_password"=>"[FILTERED]"}, "commit"=>"Update", "controller"=>"devise/registrations", "action"=>"update"} }[0m
  [1m[36mTRANSACTION (0.1ms)[0m  [1m[36mbegin transaction[0m
  [1m[36mUser Update (0.4ms)[0m  [1m[33mUPDATE "users" SET "encrypted_password" = ?, "updated_at" = ? WHERE "users"."id" = ?[0m  [["encrypted_password", "[FILTERED]"], ["updated_at", "2023-11-25 21:25:34.944738"], ["id", 3]]
  [1m[36mTRANSACTION (25.2ms)[0m  [1m[36mcommit transaction[0m
[31mUnpermitted parameter: :password_confirmation. Context: { controller: Devise::RegistrationsController, action: update, request: #<ActionDispatch::Request:0x00007fb3296dbaf8>, params: {"_method"=>"put", "authenticity_token"=>"[FILTERED]", "user"=>{"email"=>"bob@email.net", "password"=>"[FILTERED]", "password_confirmation"=>"[FILTERED]", "current_password"=>"[FILTERED]"}, "commit"=>"Update", "controller"=>"devise/registrations", "action"=>"update"} }[0m
[31mUnpermitted parameter: :password_confirmation. Context: { controller: Devise::RegistrationsController, action: update, request: #<ActionDispatch::Request:0x00007fb3296dbaf8>, params: {"_method"=>"put", "authenticity_token"=>"[FILTERED]", "user"=>{"email"=>"bob@email.net", "password"=>"[FILTERED]", "password_confirmation"=>"[FILTERED]", "current_password"=>"[FILTERED]"}, "commit"=>"Update", "controller"=>"devise/registrations", "action"=>"update"} }[0m
[31mUnpermitted parameter: :password_confirmation. Context: { controller: Devise::RegistrationsController, action: update, request: #<ActionDispatch::Request:0x00007fb3296dbaf8>, params: {"_method"=>"put", "authenticity_token"=>"[FILTERED]", "user"=>{"email"=>"bob@email.net", "password"=>"[FILTERED]", "password_confirmation"=>"[FILTERED]", "current_password"=>"[FILTERED]"}, "commit"=>"Update", "controller"=>"devise/registrations", "action"=>"update"} }[0m
Redirected to https://glowing-couscous-x77v647qwqrf6j6-3000.app.github.dev/
Completed 303 See Other in 493ms (ActiveRecord: 25.9ms | Allocations: 10026)


Started GET "/" for 10.240.3.196 at 2023-11-25 21:25:35 +0000
Processing by HomeController#index as TURBO_STREAM
  Rendering layout layouts/application.html.erb
  Rendering home/index.html.erb within layouts/application
  Rendered home/index.html.erb within layouts/application (Duration: 0.3ms | Allocations: 94)
  [1m[36mUser Load (0.1ms)[0m  [1m[34mSELECT "users".* FROM "users" WHERE "users"."id" = ? ORDER BY "users"."id" ASC LIMIT ?[0m  [["id", 3], ["LIMIT", 1]]
  ↳ app/views/shared/_navbar.html.erb:12
  Rendered shared/_navbar.html.erb (Duration: 1.6ms | Allocations: 923)
  Rendered shared/_toast.html.erb (Duration: 0.1ms | Allocations: 27)
  Rendered layouts/_file_mgr.html.erb (Duration: 4.6ms | Allocations: 3229)
  Rendered layout layouts/application.html.erb (Duration: 14.0ms | Allocations: 10672)
Completed 200 OK in 16ms (Views: 15.2ms | ActiveRecord: 0.1ms | Allocations: 11338)


Started DELETE "/users/sign_out" for 10.240.3.196 at 2023-11-25 21:27:02 +0000
Processing by Devise::SessionsController#destroy as TURBO_STREAM
  [1m[36mUser Load (0.1ms)[0m  [1m[34mSELECT "users".* FROM "users" WHERE "users"."id" = ? ORDER BY "users"."id" ASC LIMIT ?[0m  [["id", 3], ["LIMIT", 1]]
Redirected to https://glowing-couscous-x77v647qwqrf6j6-3000.app.github.dev/
Completed 303 See Other in 32ms (ActiveRecord: 0.1ms | Allocations: 22812)


Started GET "/" for 10.240.3.196 at 2023-11-25 21:27:02 +0000
Processing by HomeController#index as TURBO_STREAM
  Rendering layout layouts/application.html.erb
  Rendering home/index.html.erb within layouts/application
  Rendered home/index.html.erb within layouts/application (Duration: 0.0ms | Allocations: 7)
  Rendered shared/_navbar.html.erb (Duration: 0.3ms | Allocations: 192)
  Rendered shared/_toast.html.erb (Duration: 0.1ms | Allocations: 25)
  Rendered layout layouts/application.html.erb (Duration: 12.3ms | Allocations: 6584)
Completed 200 OK in 13ms (Views: 12.9ms | ActiveRecord: 0.0ms | Allocations: 6855)


Started GET "/users/sign_up" for 10.240.3.196 at 2023-11-25 21:27:04 +0000
Processing by Devise::RegistrationsController#new as HTML
  Rendering layout layouts/application.html.erb
  Rendering devise/registrations/new.html.erb within layouts/application
  Rendered devise/registrations/new.html.erb within layouts/application (Duration: 4.2ms | Allocations: 5623)
  Rendered shared/_navbar.html.erb (Duration: 0.3ms | Allocations: 156)
  Rendered shared/_toast.html.erb (Duration: 0.1ms | Allocations: 18)
  Rendered layout layouts/application.html.erb (Duration: 11.3ms | Allocations: 11818)
Completed 200 OK in 13ms (Views: 12.1ms | ActiveRecord: 0.0ms | Allocations: 12617)


Started POST "/users" for 10.240.3.196 at 2023-11-25 21:27:27 +0000
Processing by Devise::RegistrationsController#create as TURBO_STREAM
  Parameters: {"authenticity_token"=>"[FILTERED]", "user"=>{"email"=>"mo@email.net", "password"=>"[FILTERED]", "password_confirmation"=>"[FILTERED]", "avatar"=>#<ActionDispatch::Http::UploadedFile:0x00007fb3201ffb50 @tempfile=#<Tempfile:/tmp/RackMultipart20231125-18062-6xlw6x.JPEG>, @content_type="image/jpeg", @original_filename="64929673091__36B90B32-4E6B-4204-8E5A-CA5739F9BA8A.JPEG", @headers="Content-Disposition: form-data; name=\"user[avatar]\"; filename=\"64929673091__36B90B32-4E6B-4204-8E5A-CA5739F9BA8A.JPEG\"\r\nContent-Type: image/jpeg\r\n">}, "commit"=>"Sign Me Up"}
[31mUnpermitted parameter: :password_confirmation. Context: { controller: Devise::RegistrationsController, action: create, request: #<ActionDispatch::Request:0x00007fb320839cf0>, params: {"authenticity_token"=>"[FILTERED]", "user"=>{"email"=>"mo@email.net", "password"=>"[FILTERED]", "password_confirmation"=>"[FILTERED]", "avatar"=>#<ActionDispatch::Http::UploadedFile:0x00007fb3201ffb50 @tempfile=#<Tempfile:/tmp/RackMultipart20231125-18062-6xlw6x.JPEG>, @content_type="image/jpeg", @original_filename="64929673091__36B90B32-4E6B-4204-8E5A-CA5739F9BA8A.JPEG", @headers="Content-Disposition: form-data; name=\"user[avatar]\"; filename=\"64929673091__36B90B32-4E6B-4204-8E5A-CA5739F9BA8A.JPEG\"\r\nContent-Type: image/jpeg\r\n">}, "commit"=>"Sign Me Up", "controller"=>"devise/registrations", "action"=>"create"} }[0m
  [1m[36mTRANSACTION (0.1ms)[0m  [1m[36mbegin transaction[0m
  [1m[36mUser Exists? (0.1ms)[0m  [1m[34mSELECT 1 AS one FROM "users" WHERE "users"."email" = ? LIMIT ?[0m  [["email", "mo@email.net"], ["LIMIT", 1]]
  [1m[36mUser Create (0.6ms)[0m  [1m[32mINSERT INTO "users" ("email", "encrypted_password", "reset_password_token", "reset_password_sent_at", "remember_created_at", "created_at", "updated_at") VALUES (?, ?, ?, ?, ?, ?, ?)[0m  [["email", "mo@email.net"], ["encrypted_password", "[FILTERED]"], ["reset_password_token", "[FILTERED]"], ["reset_password_sent_at", "[FILTERED]"], ["remember_created_at", nil], ["created_at", "2023-11-25 21:27:27.628036"], ["updated_at", "2023-11-25 21:27:27.628036"]]
  [1m[36mActiveStorage::Blob Load (0.0ms)[0m  [1m[34mSELECT "active_storage_blobs".* FROM "active_storage_blobs" INNER JOIN "active_storage_attachments" ON "active_storage_blobs"."id" = "active_storage_attachments"."blob_id" WHERE "active_storage_attachments"."record_id" = ? AND "active_storage_attachments"."record_type" = ? AND "active_storage_attachments"."name" = ? LIMIT ?[0m  [["record_id", 4], ["record_type", "User"], ["name", "avatar"], ["LIMIT", 1]]
  [1m[36mActiveStorage::Attachment Load (0.0ms)[0m  [1m[34mSELECT "active_storage_attachments".* FROM "active_storage_attachments" WHERE "active_storage_attachments"."record_id" = ? AND "active_storage_attachments"."record_type" = ? AND "active_storage_attachments"."name" = ? LIMIT ?[0m  [["record_id", 4], ["record_type", "User"], ["name", "avatar"], ["LIMIT", 1]]
  [1m[36mActiveStorage::Blob Create (0.3ms)[0m  [1m[32mINSERT INTO "active_storage_blobs" ("key", "filename", "content_type", "metadata", "service_name", "byte_size", "checksum", "created_at") VALUES (?, ?, ?, ?, ?, ?, ?, ?)[0m  [["key", "0e3ojnc6d4ccsxvuz70fw3a4fw8e"], ["filename", "64929673091__36B90B32-4E6B-4204-8E5A-CA5739F9BA8A.JPEG"], ["content_type", "image/jpeg"], ["metadata", "{\"identified\":true}"], ["service_name", "amazon"], ["byte_size", 3956168], ["checksum", "p7b2c+7tyMDpBky5y4OjfA=="], ["created_at", "2023-11-25 21:27:27.633587"]]
  [1m[36mActiveStorage::Attachment Create (0.4ms)[0m  [1m[32mINSERT INTO "active_storage_attachments" ("name", "record_type", "record_id", "blob_id", "created_at") VALUES (?, ?, ?, ?, ?)[0m  [["name", "avatar"], ["record_type", "User"], ["record_id", 4], ["blob_id", 2], ["created_at", "2023-11-25 21:27:27.635392"]]
  [1m[36mUser Update (0.1ms)[0m  [1m[33mUPDATE "users" SET "updated_at" = ? WHERE "users"."id" = ?[0m  [["updated_at", "2023-11-25 21:27:27.636953"], ["id", 4]]
  [1m[36mTRANSACTION (25.5ms)[0m  [1m[36mcommit transaction[0m
[36m  S3 Storage (3.2ms) [0m[32mUploaded file to key: 0e3ojnc6d4ccsxvuz70fw3a4fw8e (checksum: p7b2c+7tyMDpBky5y4OjfA==)[0m
Completed 500 Internal Server Error in 281ms (ActiveRecord: 27.2ms | Allocations: 16357)



Aws::Errors::MissingCredentialsError - unable to sign request without credentials set:

Started POST "/__better_errors/115cc0f287096552/variables" for 10.240.3.196 at 2023-11-25 21:27:27 +0000
Started GET "/" for 10.240.0.113 at 2023-11-25 21:32:16 +0000
  [1m[36mActiveRecord::SchemaMigration Pluck (0.1ms)[0m  [1m[34mSELECT "schema_migrations"."version" FROM "schema_migrations" ORDER BY "schema_migrations"."version" ASC[0m
Processing by HomeController#index as HTML
  Rendering layout layouts/application.html.erb
  Rendering home/index.html.erb within layouts/application
  Rendered home/index.html.erb within layouts/application (Duration: 0.7ms | Allocations: 282)
  Rendered shared/_navbar.html.erb (Duration: 1.6ms | Allocations: 713)
  Rendered shared/_toast.html.erb (Duration: 0.4ms | Allocations: 266)
  Rendered layout layouts/application.html.erb (Duration: 105.0ms | Allocations: 74519)
Completed 200 OK in 273ms (Views: 107.7ms | ActiveRecord: 0.0ms | Allocations: 359658)


Started GET "/" for 10.240.0.113 at 2023-11-25 21:32:16 +0000
Processing by HomeController#index as HTML
  Rendering layout layouts/application.html.erb
  Rendering home/index.html.erb within layouts/application
  Rendered home/index.html.erb within layouts/application (Duration: 0.0ms | Allocations: 7)
  Rendered shared/_navbar.html.erb (Duration: 0.4ms | Allocations: 186)
  Rendered shared/_toast.html.erb (Duration: 0.0ms | Allocations: 18)
  Rendered layout layouts/application.html.erb (Duration: 9.1ms | Allocations: 6422)
Completed 200 OK in 10ms (Views: 9.6ms | ActiveRecord: 0.0ms | Allocations: 6690)


Started GET "/users/sign_up" for 10.240.0.113 at 2023-11-25 21:32:19 +0000
Processing by Devise::RegistrationsController#new as HTML
  Rendering layout layouts/application.html.erb
  Rendering devise/registrations/new.html.erb within layouts/application
  Rendered devise/registrations/new.html.erb within layouts/application (Duration: 7.9ms | Allocations: 7736)
  Rendered shared/_navbar.html.erb (Duration: 0.4ms | Allocations: 173)
  Rendered shared/_toast.html.erb (Duration: 0.1ms | Allocations: 21)
  Rendered layout layouts/application.html.erb (Duration: 15.3ms | Allocations: 14027)
Completed 200 OK in 25ms (Views: 16.8ms | ActiveRecord: 0.5ms | Allocations: 20950)


Started POST "/users" for 10.240.0.113 at 2023-11-25 21:32:46 +0000
Processing by Devise::RegistrationsController#create as TURBO_STREAM
  Parameters: {"authenticity_token"=>"[FILTERED]", "user"=>{"email"=>"so@mail.net", "password"=>"[FILTERED]", "password_confirmation"=>"[FILTERED]", "avatar"=>#<ActionDispatch::Http::UploadedFile:0x00007f24535ecc60 @tempfile=#<Tempfile:/tmp/RackMultipart20231125-24816-r9syqi.JPEG>, @content_type="image/jpeg", @original_filename="64929673091__36B90B32-4E6B-4204-8E5A-CA5739F9BA8A.JPEG", @headers="Content-Disposition: form-data; name=\"user[avatar]\"; filename=\"64929673091__36B90B32-4E6B-4204-8E5A-CA5739F9BA8A.JPEG\"\r\nContent-Type: image/jpeg\r\n">}, "commit"=>"Sign Me Up"}
[31mUnpermitted parameter: :password_confirmation. Context: { controller: Devise::RegistrationsController, action: create, request: #<ActionDispatch::Request:0x00007f245945afb8>, params: {"authenticity_token"=>"[FILTERED]", "user"=>{"email"=>"so@mail.net", "password"=>"[FILTERED]", "password_confirmation"=>"[FILTERED]", "avatar"=>#<ActionDispatch::Http::UploadedFile:0x00007f24535ecc60 @tempfile=#<Tempfile:/tmp/RackMultipart20231125-24816-r9syqi.JPEG>, @content_type="image/jpeg", @original_filename="64929673091__36B90B32-4E6B-4204-8E5A-CA5739F9BA8A.JPEG", @headers="Content-Disposition: form-data; name=\"user[avatar]\"; filename=\"64929673091__36B90B32-4E6B-4204-8E5A-CA5739F9BA8A.JPEG\"\r\nContent-Type: image/jpeg\r\n">}, "commit"=>"Sign Me Up", "controller"=>"devise/registrations", "action"=>"create"} }[0m
  [1m[36mTRANSACTION (0.1ms)[0m  [1m[36mbegin transaction[0m
  [1m[36mUser Exists? (0.1ms)[0m  [1m[34mSELECT 1 AS one FROM "users" WHERE "users"."email" = ? LIMIT ?[0m  [["email", "so@mail.net"], ["LIMIT", 1]]
  [1m[36mUser Create (0.3ms)[0m  [1m[32mINSERT INTO "users" ("email", "encrypted_password", "reset_password_token", "reset_password_sent_at", "remember_created_at", "created_at", "updated_at") VALUES (?, ?, ?, ?, ?, ?, ?)[0m  [["email", "so@mail.net"], ["encrypted_password", "[FILTERED]"], ["reset_password_token", "[FILTERED]"], ["reset_password_sent_at", "[FILTERED]"], ["remember_created_at", nil], ["created_at", "2023-11-25 21:32:47.080350"], ["updated_at", "2023-11-25 21:32:47.080350"]]
  [1m[36mActiveStorage::Blob Load (0.1ms)[0m  [1m[34mSELECT "active_storage_blobs".* FROM "active_storage_blobs" INNER JOIN "active_storage_attachments" ON "active_storage_blobs"."id" = "active_storage_attachments"."blob_id" WHERE "active_storage_attachments"."record_id" = ? AND "active_storage_attachments"."record_type" = ? AND "active_storage_attachments"."name" = ? LIMIT ?[0m  [["record_id", 5], ["record_type", "User"], ["name", "avatar"], ["LIMIT", 1]]
  [1m[36mActiveStorage::Attachment Load (0.1ms)[0m  [1m[34mSELECT "active_storage_attachments".* FROM "active_storage_attachments" WHERE "active_storage_attachments"."record_id" = ? AND "active_storage_attachments"."record_type" = ? AND "active_storage_attachments"."name" = ? LIMIT ?[0m  [["record_id", 5], ["record_type", "User"], ["name", "avatar"], ["LIMIT", 1]]
  [1m[36mActiveStorage::Blob Create (0.2ms)[0m  [1m[32mINSERT INTO "active_storage_blobs" ("key", "filename", "content_type", "metadata", "service_name", "byte_size", "checksum", "created_at") VALUES (?, ?, ?, ?, ?, ?, ?, ?)[0m  [["key", "suehi2i2dcj7ojx4mghd4bt6jicw"], ["filename", "64929673091__36B90B32-4E6B-4204-8E5A-CA5739F9BA8A.JPEG"], ["content_type", "image/jpeg"], ["metadata", "{\"identified\":true}"], ["service_name", "amazon"], ["byte_size", 3956168], ["checksum", "p7b2c+7tyMDpBky5y4OjfA=="], ["created_at", "2023-11-25 21:32:47.103214"]]
  [1m[36mActiveStorage::Attachment Create (0.3ms)[0m  [1m[32mINSERT INTO "active_storage_attachments" ("name", "record_type", "record_id", "blob_id", "created_at") VALUES (?, ?, ?, ?, ?)[0m  [["name", "avatar"], ["record_type", "User"], ["record_id", 5], ["blob_id", 3], ["created_at", "2023-11-25 21:32:47.105620"]]
  [1m[36mUser Update (0.1ms)[0m  [1m[33mUPDATE "users" SET "updated_at" = ? WHERE "users"."id" = ?[0m  [["updated_at", "2023-11-25 21:32:47.107738"], ["id", 5]]
  [1m[36mTRANSACTION (26.2ms)[0m  [1m[36mcommit transaction[0m
[36m  S3 Storage (330.7ms) [0m[32mUploaded file to key: suehi2i2dcj7ojx4mghd4bt6jicw (checksum: p7b2c+7tyMDpBky5y4OjfA==)[0m
[ActiveJob] Enqueued ActiveStorage::AnalyzeJob (Job ID: 3bcb3e87-9c74-408a-b360-645ea995a97e) to Async(default) with arguments: #<GlobalID:0x00007f2450154840 @uri=#<URI::GID gid://rails-template/ActiveStorage::Blob/3>>
Redirected to https://glowing-couscous-x77v647qwqrf6j6-3000.app.github.dev/
Completed 303 See Other in 670ms (ActiveRecord: 28.4ms | Allocations: 188179)


[ActiveJob] [ActiveStorage::AnalyzeJob] [3bcb3e87-9c74-408a-b360-645ea995a97e]   [1m[36mActiveStorage::Blob Load (0.2ms)[0m  [1m[34mSELECT "active_storage_blobs".* FROM "active_storage_blobs" WHERE "active_storage_blobs"."id" = ? LIMIT ?[0m  [["id", 3], ["LIMIT", 1]]
[ActiveJob] [ActiveStorage::AnalyzeJob] [3bcb3e87-9c74-408a-b360-645ea995a97e] Performing ActiveStorage::AnalyzeJob (Job ID: 3bcb3e87-9c74-408a-b360-645ea995a97e) from Async(default) enqueued at 2023-11-25T21:32:47Z with arguments: #<GlobalID:0x00007f24501283f8 @uri=#<URI::GID gid://rails-template/ActiveStorage::Blob/3>>
[ActiveJob] [ActiveStorage::AnalyzeJob] [3bcb3e87-9c74-408a-b360-645ea995a97e] Skipping image analysis because the ruby-vips gem isn't installed
[ActiveJob] [ActiveStorage::AnalyzeJob] [3bcb3e87-9c74-408a-b360-645ea995a97e]   [1m[36mTRANSACTION (0.1ms)[0m  [1m[36mbegin transaction[0m
[ActiveJob] [ActiveStorage::AnalyzeJob] [3bcb3e87-9c74-408a-b360-645ea995a97e]   [1m[36mActiveStorage::Blob Update (0.3ms)[0m  [1m[33mUPDATE "active_storage_blobs" SET "metadata" = ? WHERE "active_storage_blobs"."id" = ?[0m  [["metadata", "{\"identified\":true,\"analyzed\":true}"], ["id", 3]]
[ActiveJob] [ActiveStorage::AnalyzeJob] [3bcb3e87-9c74-408a-b360-645ea995a97e]   [1m[36mTRANSACTION (30.4ms)[0m  [1m[36mcommit transaction[0m
[ActiveJob] [ActiveStorage::AnalyzeJob] [3bcb3e87-9c74-408a-b360-645ea995a97e] Performed ActiveStorage::AnalyzeJob (Job ID: 3bcb3e87-9c74-408a-b360-645ea995a97e) from Async(default) in 120.11ms
Started GET "/" for 10.240.0.113 at 2023-11-25 21:32:47 +0000
Processing by HomeController#index as TURBO_STREAM
  Rendering layout layouts/application.html.erb
  Rendering home/index.html.erb within layouts/application
  Rendered home/index.html.erb within layouts/application (Duration: 0.1ms | Allocations: 7)
  [1m[36mUser Load (0.2ms)[0m  [1m[34mSELECT "users".* FROM "users" WHERE "users"."id" = ? ORDER BY "users"."id" ASC LIMIT ?[0m  [["id", 5], ["LIMIT", 1]]
  ↳ app/views/shared/_navbar.html.erb:12
  Rendered shared/_navbar.html.erb (Duration: 3.2ms | Allocations: 1108)
  Rendered shared/_toast.html.erb (Duration: 0.1ms | Allocations: 29)
  Rendered layouts/_file_mgr.html.erb (Duration: 4.5ms | Allocations: 4047)
  Rendered layout layouts/application.html.erb (Duration: 20.4ms | Allocations: 11706)
Completed 200 OK in 22ms (Views: 21.1ms | ActiveRecord: 0.2ms | Allocations: 12023)


  [1m[36mUser Load (0.2ms)[0m  [1m[34mSELECT "users".* FROM "users"[0m
  [1m[36mUser Load (0.1ms)[0m  [1m[34mSELECT "users".* FROM "users"[0m
  [1m[36mUser Load (0.1ms)[0m  [1m[34mSELECT "users".* FROM "users"[0m
  [1m[36mUser Load (0.1ms)[0m  [1m[34mSELECT "users".* FROM "users"[0m
  [1m[36mUser Load (0.1ms)[0m  [1m[34mSELECT "users".* FROM "users"[0m
  [1m[36mUser Load (0.1ms)[0m  [1m[34mSELECT "users".* FROM "users"[0m
  [1m[36mUser Load (0.1ms)[0m  [1m[34mSELECT "users".* FROM "users"[0m
  [1m[36mUser Load (0.1ms)[0m  [1m[34mSELECT "users".* FROM "users"[0m
  [1m[36mActiveStorage::Attachment Load (0.1ms)[0m  [1m[34mSELECT "active_storage_attachments".* FROM "active_storage_attachments" WHERE "active_storage_attachments"."record_id" = ? AND "active_storage_attachments"."record_type" = ? AND "active_storage_attachments"."name" = ? LIMIT ?[0m  [["record_id", 5], ["record_type", "User"], ["name", "avatar"], ["LIMIT", 1]]
  [1m[36mActiveStorage::Blob Load (0.1ms)[0m  [1m[34mSELECT "active_storage_blobs".* FROM "active_storage_blobs" WHERE "active_storage_blobs"."id" = ? LIMIT ?[0m  [["id", 3], ["LIMIT", 1]]
